  [1m[35m (2.5ms)[0m  [1m[34mSELECT sqlite_version(*)[0m
  [1m[35m (33.4ms)[0m  [1m[35mCREATE TABLE "schema_migrations" ("version" varchar NOT NULL PRIMARY KEY)[0m
  [1m[35m (11.4ms)[0m  [1m[35mCREATE TABLE "ar_internal_metadata" ("key" varchar NOT NULL PRIMARY KEY, "value" varchar, "created_at" datetime(6) NOT NULL, "updated_at" datetime(6) NOT NULL)[0m
  [1m[35m (0.2ms)[0m  [1m[34mSELECT "schema_migrations"."version" FROM "schema_migrations" ORDER BY "schema_migrations"."version" ASC[0m
Migrating to CreateUsers (20201006095754)
  [1m[35m (0.1ms)[0m  [1m[36mbegin transaction[0m
  [1m[35m (0.7ms)[0m  [1m[35mCREATE TABLE "users" ("id" integer PRIMARY KEY AUTOINCREMENT NOT NULL, "username" varchar, "password" varchar, "email" varchar, "created_at" datetime(6) NOT NULL, "updated_at" datetime(6) NOT NULL)[0m
  [1m[36mprimary::SchemaMigration Create (0.2ms)[0m  [1m[32mINSERT INTO "schema_migrations" ("version") VALUES (?)[0m  [["version", "20201006095754"]]
  [1m[35m (22.5ms)[0m  [1m[36mcommit transaction[0m
Migrating to CreatePosts (20201006095809)
  [1m[35m (0.2ms)[0m  [1m[36mbegin transaction[0m
  [1m[35m (1.2ms)[0m  [1m[35mCREATE TABLE "posts" ("id" integer PRIMARY KEY AUTOINCREMENT NOT NULL, "title" varchar, "body" varchar, "created_at" datetime(6) NOT NULL, "updated_at" datetime(6) NOT NULL)[0m
  [1m[36mprimary::SchemaMigration Create (0.2ms)[0m  [1m[32mINSERT INTO "schema_migrations" ("version") VALUES (?)[0m  [["version", "20201006095809"]]
  [1m[35m (13.7ms)[0m  [1m[36mcommit transaction[0m
Migrating to AddUserIdToUsers (20201006103258)
  [1m[35m (0.1ms)[0m  [1m[36mbegin transaction[0m
  [1m[35m (0.6ms)[0m  [1m[35mALTER TABLE "users" ADD "user_id" integer[0m
  [1m[36mprimary::SchemaMigration Create (0.3ms)[0m  [1m[32mINSERT INTO "schema_migrations" ("version") VALUES (?)[0m  [["version", "20201006103258"]]
  [1m[35m (14.9ms)[0m  [1m[36mcommit transaction[0m
Migrating to AddUserRefToPosts (20201006104457)
  [1m[35m (0.2ms)[0m  [1m[36mbegin transaction[0m
  [1m[35m (0.3ms)[0m  [1m[35mPRAGMA foreign_keys[0m
  [1m[35m (0.1ms)[0m  [1m[35mPRAGMA defer_foreign_keys[0m
  [1m[35m (0.1ms)[0m  [1m[35mPRAGMA defer_foreign_keys = ON[0m
  [1m[35m (0.1ms)[0m  [1m[35mPRAGMA foreign_keys = OFF[0m
  [1m[35m (0.2ms)[0m  [1m[35mCREATE TEMPORARY TABLE "aposts" ("id" integer NOT NULL PRIMARY KEY, "title" varchar DEFAULT NULL, "body" varchar DEFAULT NULL, "created_at" datetime(6) NOT NULL, "updated_at" datetime(6) NOT NULL)[0m
  [1m[35m (0.1ms)[0m  [1m[32mINSERT INTO "aposts" ("id","title","body","created_at","updated_at")
                     SELECT "id","title","body","created_at","updated_at" FROM "posts"[0m
  [1m[35m (0.5ms)[0m  [1m[35mDROP TABLE "posts"[0m
  [1m[35m (0.2ms)[0m  [1m[35mCREATE TABLE "posts" ("id" integer NOT NULL PRIMARY KEY, "title" varchar DEFAULT NULL, "body" varchar DEFAULT NULL, "created_at" datetime(6) NOT NULL, "updated_at" datetime(6) NOT NULL, "user_id" integer NOT NULL)[0m
  [1m[35m (0.2ms)[0m  [1m[32mINSERT INTO "posts" ("id","title","body","created_at","updated_at")
                     SELECT "id","title","body","created_at","updated_at" FROM "aposts"[0m
  [1m[35m (0.6ms)[0m  [1m[35mDROP TABLE "aposts"[0m
  [1m[35m (0.1ms)[0m  [1m[35mPRAGMA defer_foreign_keys = 0[0m
  [1m[35m (0.1ms)[0m  [1m[35mPRAGMA foreign_keys = 1[0m
  [1m[35m (0.2ms)[0m  [1m[35mCREATE  INDEX "index_posts_on_user_id" ON "posts" ("user_id")[0m
  [1m[35m (0.1ms)[0m  [1m[35mPRAGMA foreign_keys[0m
  [1m[35m (0.1ms)[0m  [1m[35mPRAGMA defer_foreign_keys[0m
  [1m[35m (0.1ms)[0m  [1m[35mPRAGMA defer_foreign_keys = ON[0m
  [1m[35m (0.1ms)[0m  [1m[35mPRAGMA foreign_keys = OFF[0m
  [1m[35m (0.1ms)[0m  [1m[35mCREATE TEMPORARY TABLE "aposts" ("id" integer NOT NULL PRIMARY KEY, "title" varchar DEFAULT NULL, "body" varchar DEFAULT NULL, "created_at" datetime(6) NOT NULL, "updated_at" datetime(6) NOT NULL, "user_id" integer NOT NULL)[0m
  [1m[35m (0.1ms)[0m  [1m[35mCREATE  INDEX "tindex_aposts_on_user_id" ON "aposts" ("user_id")[0m
  [1m[35m (0.4ms)[0m  [1m[32mINSERT INTO "aposts" ("id","title","body","created_at","updated_at","user_id")
                     SELECT "id","title","body","created_at","updated_at","user_id" FROM "posts"[0m
  [1m[35m (0.4ms)[0m  [1m[35mDROP TABLE "posts"[0m
  [1m[35m (0.2ms)[0m  [1m[35mCREATE TABLE "posts" ("id" integer NOT NULL PRIMARY KEY, "title" varchar DEFAULT NULL, "body" varchar DEFAULT NULL, "created_at" datetime(6) NOT NULL, "updated_at" datetime(6) NOT NULL, "user_id" integer NOT NULL, CONSTRAINT "fk_rails_5b5ddfd518"
FOREIGN KEY ("user_id")
  REFERENCES "users" ("id")
)[0m
  [1m[35m (0.1ms)[0m  [1m[35mCREATE  INDEX "index_posts_on_user_id" ON "posts" ("user_id")[0m
  [1m[35m (0.2ms)[0m  [1m[32mINSERT INTO "posts" ("id","title","body","created_at","updated_at","user_id")
                     SELECT "id","title","body","created_at","updated_at","user_id" FROM "aposts"[0m
  [1m[35m (0.4ms)[0m  [1m[35mDROP TABLE "aposts"[0m
  [1m[35m (0.2ms)[0m  [1m[35mPRAGMA defer_foreign_keys = 0[0m
  [1m[35m (0.1ms)[0m  [1m[35mPRAGMA foreign_keys = 1[0m
  [1m[36mprimary::SchemaMigration Create (0.3ms)[0m  [1m[32mINSERT INTO "schema_migrations" ("version") VALUES (?)[0m  [["version", "20201006104457"]]
  [1m[35m (20.5ms)[0m  [1m[36mcommit transaction[0m
Migrating to RemoveUserIdFromUsers (20201006125626)
  [1m[35m (0.1ms)[0m  [1m[36mbegin transaction[0m
  [1m[35m (0.1ms)[0m  [1m[35mPRAGMA foreign_keys[0m
  [1m[35m (0.1ms)[0m  [1m[35mPRAGMA defer_foreign_keys[0m
  [1m[35m (0.1ms)[0m  [1m[35mPRAGMA defer_foreign_keys = ON[0m
  [1m[35m (0.1ms)[0m  [1m[35mPRAGMA foreign_keys = OFF[0m
  [1m[35m (0.3ms)[0m  [1m[35mCREATE TEMPORARY TABLE "ausers" ("id" integer NOT NULL PRIMARY KEY, "username" varchar DEFAULT NULL, "password" varchar DEFAULT NULL, "email" varchar DEFAULT NULL, "created_at" datetime(6) NOT NULL, "updated_at" datetime(6) NOT NULL, "user_id" integer DEFAULT NULL)[0m
  [1m[35m (0.2ms)[0m  [1m[32mINSERT INTO "ausers" ("id","username","password","email","created_at","updated_at","user_id")
                     SELECT "id","username","password","email","created_at","updated_at","user_id" FROM "users"[0m
  [1m[35m (0.8ms)[0m  [1m[35mDROP TABLE "users"[0m
  [1m[35m (0.2ms)[0m  [1m[35mCREATE TABLE "users" ("id" integer NOT NULL PRIMARY KEY, "username" varchar DEFAULT NULL, "password" varchar DEFAULT NULL, "email" varchar DEFAULT NULL, "created_at" datetime(6) NOT NULL, "updated_at" datetime(6) NOT NULL)[0m
  [1m[35m (0.2ms)[0m  [1m[32mINSERT INTO "users" ("id","username","password","email","created_at","updated_at")
                     SELECT "id","username","password","email","created_at","updated_at" FROM "ausers"[0m
  [1m[35m (0.2ms)[0m  [1m[35mDROP TABLE "ausers"[0m
  [1m[35m (0.1ms)[0m  [1m[35mPRAGMA defer_foreign_keys = 0[0m
  [1m[35m (0.1ms)[0m  [1m[35mPRAGMA foreign_keys = 1[0m
  [1m[36mprimary::SchemaMigration Create (0.3ms)[0m  [1m[32mINSERT INTO "schema_migrations" ("version") VALUES (?)[0m  [["version", "20201006125626"]]
  [1m[35m (13.6ms)[0m  [1m[36mcommit transaction[0m
Migrating to RemoveEmailAndPasswordFromUsers (20201006131910)
  [1m[35m (0.1ms)[0m  [1m[36mbegin transaction[0m
  [1m[35m (0.1ms)[0m  [1m[35mPRAGMA foreign_keys[0m
  [1m[35m (0.1ms)[0m  [1m[35mPRAGMA defer_foreign_keys[0m
  [1m[35m (0.1ms)[0m  [1m[35mPRAGMA defer_foreign_keys = ON[0m
  [1m[35m (0.1ms)[0m  [1m[35mPRAGMA foreign_keys = OFF[0m
  [1m[35m (0.4ms)[0m  [1m[35mCREATE TEMPORARY TABLE "ausers" ("id" integer NOT NULL PRIMARY KEY, "username" varchar DEFAULT NULL, "password" varchar DEFAULT NULL, "email" varchar DEFAULT NULL, "created_at" datetime(6) NOT NULL, "updated_at" datetime(6) NOT NULL)[0m
  [1m[35m (0.3ms)[0m  [1m[32mINSERT INTO "ausers" ("id","username","password","email","created_at","updated_at")
                     SELECT "id","username","password","email","created_at","updated_at" FROM "users"[0m
  [1m[35m (0.6ms)[0m  [1m[35mDROP TABLE "users"[0m
  [1m[35m (0.3ms)[0m  [1m[35mCREATE TABLE "users" ("id" integer NOT NULL PRIMARY KEY, "username" varchar DEFAULT NULL, "password" varchar DEFAULT NULL, "created_at" datetime(6) NOT NULL, "updated_at" datetime(6) NOT NULL)[0m
  [1m[35m (0.1ms)[0m  [1m[32mINSERT INTO "users" ("id","username","password","created_at","updated_at")
                     SELECT "id","username","password","created_at","updated_at" FROM "ausers"[0m
  [1m[35m (0.2ms)[0m  [1m[35mDROP TABLE "ausers"[0m
  [1m[35m (0.1ms)[0m  [1m[35mPRAGMA defer_foreign_keys = 0[0m
  [1m[35m (0.1ms)[0m  [1m[35mPRAGMA foreign_keys = 1[0m
  [1m[35m (0.0ms)[0m  [1m[35mPRAGMA foreign_keys[0m
  [1m[35m (0.1ms)[0m  [1m[35mPRAGMA defer_foreign_keys[0m
  [1m[35m (0.1ms)[0m  [1m[35mPRAGMA defer_foreign_keys = ON[0m
  [1m[35m (0.1ms)[0m  [1m[35mPRAGMA foreign_keys = OFF[0m
  [1m[35m (0.2ms)[0m  [1m[35mCREATE TEMPORARY TABLE "ausers" ("id" integer NOT NULL PRIMARY KEY, "username" varchar DEFAULT NULL, "password" varchar DEFAULT NULL, "created_at" datetime(6) NOT NULL, "updated_at" datetime(6) NOT NULL)[0m
  [1m[35m (0.1ms)[0m  [1m[32mINSERT INTO "ausers" ("id","username","password","created_at","updated_at")
                     SELECT "id","username","password","created_at","updated_at" FROM "users"[0m
  [1m[35m (16.5ms)[0m  [1m[35mDROP TABLE "users"[0m
  [1m[35m (0.2ms)[0m  [1m[35mCREATE TABLE "users" ("id" integer NOT NULL PRIMARY KEY, "username" varchar DEFAULT NULL, "created_at" datetime(6) NOT NULL, "updated_at" datetime(6) NOT NULL)[0m
  [1m[35m (0.1ms)[0m  [1m[32mINSERT INTO "users" ("id","username","created_at","updated_at")
                     SELECT "id","username","created_at","updated_at" FROM "ausers"[0m
  [1m[35m (0.6ms)[0m  [1m[35mDROP TABLE "ausers"[0m
  [1m[35m (0.1ms)[0m  [1m[35mPRAGMA defer_foreign_keys = 0[0m
  [1m[35m (0.1ms)[0m  [1m[35mPRAGMA foreign_keys = 1[0m
  [1m[36mprimary::SchemaMigration Create (0.3ms)[0m  [1m[32mINSERT INTO "schema_migrations" ("version") VALUES (?)[0m  [["version", "20201006131910"]]
  [1m[35m (17.8ms)[0m  [1m[36mcommit transaction[0m
Migrating to AddDeviseToUsers (20201006132031)
  [1m[35m (0.1ms)[0m  [1m[36mbegin transaction[0m
  [1m[35m (0.7ms)[0m  [1m[35mALTER TABLE "users" ADD "email" varchar DEFAULT '' NOT NULL[0m
  [1m[35m (0.4ms)[0m  [1m[35mALTER TABLE "users" ADD "encrypted_password" varchar DEFAULT '' NOT NULL[0m
  [1m[35m (0.3ms)[0m  [1m[35mALTER TABLE "users" ADD "reset_password_token" varchar[0m
  [1m[35m (0.3ms)[0m  [1m[35mALTER TABLE "users" ADD "reset_password_sent_at" datetime[0m
  [1m[35m (0.5ms)[0m  [1m[35mALTER TABLE "users" ADD "remember_created_at" datetime[0m
  [1m[35m (0.6ms)[0m  [1m[35mALTER TABLE "users" ADD "sign_in_count" integer DEFAULT 0 NOT NULL[0m
  [1m[35m (0.6ms)[0m  [1m[35mALTER TABLE "users" ADD "current_sign_in_at" datetime[0m
  [1m[35m (0.6ms)[0m  [1m[35mALTER TABLE "users" ADD "last_sign_in_at" datetime[0m
  [1m[35m (0.5ms)[0m  [1m[35mALTER TABLE "users" ADD "current_sign_in_ip" varchar[0m
  [1m[35m (0.4ms)[0m  [1m[35mALTER TABLE "users" ADD "last_sign_in_ip" varchar[0m
  [1m[35m (0.1ms)[0m  [1m[35mCREATE UNIQUE INDEX "index_users_on_email" ON "users" ("email")[0m
  [1m[35m (0.6ms)[0m  [1m[35mCREATE UNIQUE INDEX "index_users_on_reset_password_token" ON "users" ("reset_password_token")[0m
  [1m[36mprimary::SchemaMigration Create (0.4ms)[0m  [1m[32mINSERT INTO "schema_migrations" ("version") VALUES (?)[0m  [["version", "20201006132031"]]
  [1m[35m (14.0ms)[0m  [1m[36mcommit transaction[0m
  [1m[36mActiveRecord::InternalMetadata Load (0.5ms)[0m  [1m[34mSELECT "ar_internal_metadata".* FROM "ar_internal_metadata" WHERE "ar_internal_metadata"."key" = ? LIMIT ?[0m  [["key", "environment"], ["LIMIT", 1]]
  [1m[35m (0.1ms)[0m  [1m[36mbegin transaction[0m
  [1m[36mActiveRecord::InternalMetadata Create (0.3ms)[0m  [1m[32mINSERT INTO "ar_internal_metadata" ("key", "value", "created_at", "updated_at") VALUES (?, ?, ?, ?)[0m  [["key", "environment"], ["value", "development"], ["created_at", "2020-12-25 19:04:01.488611"], ["updated_at", "2020-12-25 19:04:01.488611"]]
  [1m[35m (14.2ms)[0m  [1m[36mcommit transaction[0m
  [1m[35m (0.1ms)[0m  [1m[34mSELECT sqlite_version(*)[0m
  [1m[35m (0.1ms)[0m  [1m[34mSELECT "schema_migrations"."version" FROM "schema_migrations" ORDER BY "schema_migrations"."version" ASC[0m
Started GET "/" for ::1 at 2020-12-25 20:04:23 +0100
  [1m[35m (0.9ms)[0m  [1m[34mSELECT sqlite_version(*)[0m
  [1m[35m (0.2ms)[0m  [1m[34mSELECT "schema_migrations"."version" FROM "schema_migrations" ORDER BY "schema_migrations"."version" ASC[0m
Processing by PostsController#index as HTML
  Rendering posts/index.html.erb within layouts/application
  [1m[36mPost Load (0.3ms)[0m  [1m[34mSELECT "posts".* FROM "posts" ORDER BY created_at DESC[0m
  ↳ app/views/posts/index.html.erb:7
  Rendered posts/index.html.erb within layouts/application (Duration: 8.3ms | Allocations: 1596)
[Webpacker] Compiling...
[Webpacker] Compiled all packs in /home/amine/Desktop/members-only/public/packs
[Webpacker] Hash: 15d1bb7b54cf6326b9ba
Version: webpack 4.44.2
Time: 4936ms
Built at: 12/25/2020 8:04:32 PM
                                     Asset       Size       Chunks                         Chunk Names
    js/application-9afcbb5693aa87623e69.js    124 KiB  application  [emitted] [immutable]  application
js/application-9afcbb5693aa87623e69.js.map    139 KiB  application  [emitted] [dev]        application
                             manifest.json  364 bytes               [emitted]              
Entrypoint application = js/application-9afcbb5693aa87623e69.js js/application-9afcbb5693aa87623e69.js.map
[./app/javascript/channels sync recursive _channel\.js$] ./app/javascript/channels sync _channel\.js$ 160 bytes {application} [built]
[./app/javascript/channels/index.js] 211 bytes {application} [built]
[./app/javascript/packs/application.js] 749 bytes {application} [built]
[./node_modules/webpack/buildin/module.js] (webpack)/buildin/module.js 552 bytes {application} [built]
    + 3 hidden modules

Completed 200 OK in 8637ms (Views: 8618.8ms | ActiveRecord: 0.8ms | Allocations: 128499)


Started GET "/users/sign_in" for ::1 at 2020-12-25 20:04:41 +0100
Processing by Devise::SessionsController#new as HTML
  Rendering devise/sessions/new.html.erb within layouts/application
  Rendered devise/shared/_links.html.erb (Duration: 1.8ms | Allocations: 586)
  Rendered devise/sessions/new.html.erb within layouts/application (Duration: 27.6ms | Allocations: 7479)
[Webpacker] Everything's up-to-date. Nothing to do
Completed 200 OK in 64ms (Views: 40.5ms | ActiveRecord: 1.0ms | Allocations: 21374)


Started POST "/users/sign_in" for ::1 at 2020-12-25 20:04:44 +0100
Processing by Devise::SessionsController#create as HTML
  Parameters: {"authenticity_token"=>"LLFQP/7z3rRkfWBuSVkFq7MZ4dPk1CfGLk7pnXvDxfwzMRZ/Kp7fI7AwqPZX5Fno5wWp/jGtZfLXmDJDoB+ZMQ==", "user"=>{"email"=>"dasileker@gmail.com", "password"=>"[FILTERED]", "remember_me"=>"0"}, "commit"=>"Log in"}
  [1m[36mUser Load (0.3ms)[0m  [1m[34mSELECT "users".* FROM "users" WHERE "users"."email" = ? ORDER BY "users"."id" ASC LIMIT ?[0m  [["email", "dasileker@gmail.com"], ["LIMIT", 1]]
Completed 401 Unauthorized in 7ms (ActiveRecord: 0.3ms | Allocations: 2506)


Processing by Devise::SessionsController#new as HTML
  Parameters: {"authenticity_token"=>"LLFQP/7z3rRkfWBuSVkFq7MZ4dPk1CfGLk7pnXvDxfwzMRZ/Kp7fI7AwqPZX5Fno5wWp/jGtZfLXmDJDoB+ZMQ==", "user"=>{"email"=>"dasileker@gmail.com", "password"=>"[FILTERED]", "remember_me"=>"0"}, "commit"=>"Log in"}
  Rendering devise/sessions/new.html.erb within layouts/application
  Rendered devise/shared/_links.html.erb (Duration: 0.3ms | Allocations: 131)
  Rendered devise/sessions/new.html.erb within layouts/application (Duration: 3.9ms | Allocations: 1040)
[Webpacker] Everything's up-to-date. Nothing to do
Completed 200 OK in 316ms (Views: 13.9ms | ActiveRecord: 0.0ms | Allocations: 6567)


Started GET "/users/sign_up" for ::1 at 2020-12-25 20:04:48 +0100
Processing by RegistrationsController#new as HTML
  Rendering devise/registrations/new.html.erb within layouts/application
  Rendered devise/shared/_error_messages.html.erb (Duration: 0.9ms | Allocations: 195)
  Rendered devise/shared/_links.html.erb (Duration: 1.6ms | Allocations: 492)
  Rendered devise/registrations/new.html.erb within layouts/application (Duration: 9.5ms | Allocations: 2545)
[Webpacker] Everything's up-to-date. Nothing to do
Completed 200 OK in 27ms (Views: 24.4ms | ActiveRecord: 0.0ms | Allocations: 8608)


Started POST "/users" for ::1 at 2020-12-26 11:39:14 +0100
Processing by RegistrationsController#create as HTML
  Parameters: {"authenticity_token"=>"CAawIzP1+OOuMNtuSodTkXCpnoZ03wrQyWgVzAGQRMzz31DNWxAcnHXX6bXK03kBLZEQXOhV1/xgjJuDeNd3HQ==", "user"=>{"username"=>"user1", "email"=>"user1@gmail.com", "password"=>"[FILTERED]", "password_confirmation"=>"[FILTERED]"}, "commit"=>"Sign up"}
  [1m[35m (0.1ms)[0m  [1m[36mbegin transaction[0m
  [1m[36mUser Exists? (0.3ms)[0m  [1m[34mSELECT 1 AS one FROM "users" WHERE "users"."email" = ? LIMIT ?[0m  [["email", "user1@gmail.com"], ["LIMIT", 1]]
  [1m[36mUser Create (0.7ms)[0m  [1m[32mINSERT INTO "users" ("username", "created_at", "updated_at", "email", "encrypted_password") VALUES (?, ?, ?, ?, ?)[0m  [["username", "user1"], ["created_at", "2020-12-26 10:39:14.746304"], ["updated_at", "2020-12-26 10:39:14.746304"], ["email", "user1@gmail.com"], ["encrypted_password", "$2a$12$3KAPhqI.ohQS4EaMTGsGieK1p.0qRFGTkThhoenh.MdZvHyCoeZ/q"]]
  [1m[35m (28.1ms)[0m  [1m[36mcommit transaction[0m
Redirected to http://localhost:3000/
Completed 302 Found in 542ms (ActiveRecord: 29.2ms | Allocations: 16807)


Started GET "/" for ::1 at 2020-12-26 11:39:14 +0100
Processing by PostsController#index as HTML
  Rendering posts/index.html.erb within layouts/application
  [1m[36mPost Load (0.5ms)[0m  [1m[34mSELECT "posts".* FROM "posts" ORDER BY created_at DESC[0m
  ↳ app/views/posts/index.html.erb:7
  [1m[36mUser Load (0.5ms)[0m  [1m[34mSELECT "users".* FROM "users" WHERE "users"."id" = ? ORDER BY "users"."id" ASC LIMIT ?[0m  [["id", 1], ["LIMIT", 1]]
  ↳ app/views/posts/index.html.erb:23
  Rendered posts/index.html.erb within layouts/application (Duration: 8.2ms | Allocations: 1570)
[Webpacker] Everything's up-to-date. Nothing to do
Completed 200 OK in 27ms (Views: 23.5ms | ActiveRecord: 0.9ms | Allocations: 6035)


Started GET "/posts/new" for ::1 at 2020-12-26 11:39:21 +0100
Processing by PostsController#new as HTML
  [1m[36mUser Load (0.2ms)[0m  [1m[34mSELECT "users".* FROM "users" WHERE "users"."id" = ? ORDER BY "users"."id" ASC LIMIT ?[0m  [["id", 1], ["LIMIT", 1]]
  Rendering posts/new.html.erb within layouts/application
  Rendered posts/_form.html.erb (Duration: 12.0ms | Allocations: 1189)
  Rendered posts/new.html.erb within layouts/application (Duration: 14.2ms | Allocations: 1522)
[Webpacker] Everything's up-to-date. Nothing to do
Completed 200 OK in 75ms (Views: 41.8ms | ActiveRecord: 1.4ms | Allocations: 10357)


Started POST "/posts" for ::1 at 2020-12-26 11:39:30 +0100
Processing by PostsController#create as HTML
  Parameters: {"authenticity_token"=>"LDt49/wR7okZMEm9f4J2ne0QIG7Twu+qWWsXqf5cyVMh3GGUVtlyvEqlNYCed0Wf4aqAJ+OZvqVQ7aC228WB9A==", "post"=>{"title"=>"hello rails", "body"=>"hahaha"}, "commit"=>"Create Post"}
  [1m[36mUser Load (0.3ms)[0m  [1m[34mSELECT "users".* FROM "users" WHERE "users"."id" = ? ORDER BY "users"."id" ASC LIMIT ?[0m  [["id", 1], ["LIMIT", 1]]
  [1m[35m (0.1ms)[0m  [1m[36mbegin transaction[0m
  ↳ app/controllers/posts_controller.rb:29:in `block in create'
  [1m[36mPost Create (0.6ms)[0m  [1m[32mINSERT INTO "posts" ("title", "body", "created_at", "updated_at", "user_id") VALUES (?, ?, ?, ?, ?)[0m  [["title", "hello rails"], ["body", "hahaha"], ["created_at", "2020-12-26 10:39:30.795749"], ["updated_at", "2020-12-26 10:39:30.795749"], ["user_id", 1]]
  ↳ app/controllers/posts_controller.rb:29:in `block in create'
  [1m[35m (154.4ms)[0m  [1m[36mcommit transaction[0m
  ↳ app/controllers/posts_controller.rb:29:in `block in create'
Redirected to http://localhost:3000/
Completed 302 Found in 279ms (ActiveRecord: 155.4ms | Allocations: 11660)


Started GET "/" for ::1 at 2020-12-26 11:39:31 +0100
Processing by PostsController#index as HTML
  Rendering posts/index.html.erb within layouts/application
  [1m[36mPost Load (0.5ms)[0m  [1m[34mSELECT "posts".* FROM "posts" ORDER BY created_at DESC[0m
  ↳ app/views/posts/index.html.erb:7
  [1m[36mUser Load (0.5ms)[0m  [1m[34mSELECT "users".* FROM "users" WHERE "users"."id" = ? ORDER BY "users"."id" ASC LIMIT ?[0m  [["id", 1], ["LIMIT", 1]]
  ↳ app/views/posts/index.html.erb:13
  [1m[36mUser Load (0.5ms)[0m  [1m[34mSELECT "users".* FROM "users" WHERE "users"."id" = ? LIMIT ?[0m  [["id", 1], ["LIMIT", 1]]
  ↳ app/views/posts/index.html.erb:14
  Rendered posts/index.html.erb within layouts/application (Duration: 12.1ms | Allocations: 2484)
[Webpacker] Everything's up-to-date. Nothing to do
Completed 200 OK in 44ms (Views: 40.7ms | ActiveRecord: 1.5ms | Allocations: 6915)


Started DELETE "/users/sign_out" for ::1 at 2020-12-26 11:39:37 +0100
Processing by Devise::SessionsController#destroy as HTML
  Parameters: {"authenticity_token"=>"HCOq2B+szvXsTGDebkcHwVfjwGU96IkUir2mWueTtNTm6VLYPvU3eOKLzg3igeqwcqwW0VPc4L1IEzruYkawjQ=="}
  [1m[36mUser Load (0.2ms)[0m  [1m[34mSELECT "users".* FROM "users" WHERE "users"."id" = ? ORDER BY "users"."id" ASC LIMIT ?[0m  [["id", 1], ["LIMIT", 1]]
Redirected to http://localhost:3000/
Completed 302 Found in 25ms (ActiveRecord: 0.2ms | Allocations: 2732)


Started GET "/" for ::1 at 2020-12-26 11:39:37 +0100
Processing by PostsController#index as HTML
  Rendering posts/index.html.erb within layouts/application
  [1m[36mPost Load (0.3ms)[0m  [1m[34mSELECT "posts".* FROM "posts" ORDER BY created_at DESC[0m
  ↳ app/views/posts/index.html.erb:7
  Rendered posts/index.html.erb within layouts/application (Duration: 3.6ms | Allocations: 743)
[Webpacker] Everything's up-to-date. Nothing to do
Completed 200 OK in 28ms (Views: 25.4ms | ActiveRecord: 0.3ms | Allocations: 5193)


Started GET "/users/sign_in" for ::1 at 2020-12-26 11:41:41 +0100
Processing by Devise::SessionsController#new as HTML
  Rendering devise/sessions/new.html.erb within layouts/application
  Rendered devise/shared/_links.html.erb (Duration: 1.0ms | Allocations: 131)
  Rendered devise/sessions/new.html.erb within layouts/application (Duration: 11.9ms | Allocations: 1040)
[Webpacker] Everything's up-to-date. Nothing to do
Completed 200 OK in 38ms (Views: 35.5ms | ActiveRecord: 0.0ms | Allocations: 5744)


Started POST "/users/sign_in" for ::1 at 2020-12-26 11:41:48 +0100
Processing by Devise::SessionsController#create as HTML
  Parameters: {"authenticity_token"=>"zpyzSDXheLJlYL88z7IpBDbn8aJuyWyvtUsXEw6ephbOaVy4HaCo/GIUaI8zs9KbHiJip7ONd3oGnwfvZD8GgQ==", "user"=>{"email"=>"user1@gmail.com", "password"=>"[FILTERED]", "remember_me"=>"0"}, "commit"=>"Log in"}
  [1m[36mUser Load (0.3ms)[0m  [1m[34mSELECT "users".* FROM "users" WHERE "users"."email" = ? ORDER BY "users"."id" ASC LIMIT ?[0m  [["email", "user1@gmail.com"], ["LIMIT", 1]]
Redirected to http://localhost:3000/
Completed 302 Found in 435ms (ActiveRecord: 0.3ms | Allocations: 3066)


Started GET "/" for ::1 at 2020-12-26 11:41:48 +0100
Processing by PostsController#index as HTML
  Rendering posts/index.html.erb within layouts/application
  [1m[36mPost Load (0.5ms)[0m  [1m[34mSELECT "posts".* FROM "posts" ORDER BY created_at DESC[0m
  ↳ app/views/posts/index.html.erb:7
  [1m[36mUser Load (0.2ms)[0m  [1m[34mSELECT "users".* FROM "users" WHERE "users"."id" = ? ORDER BY "users"."id" ASC LIMIT ?[0m  [["id", 1], ["LIMIT", 1]]
  ↳ app/views/posts/index.html.erb:13
  [1m[36mUser Load (0.2ms)[0m  [1m[34mSELECT "users".* FROM "users" WHERE "users"."id" = ? LIMIT ?[0m  [["id", 1], ["LIMIT", 1]]
  ↳ app/views/posts/index.html.erb:14
  Rendered posts/index.html.erb within layouts/application (Duration: 12.7ms | Allocations: 2270)
[Webpacker] Everything's up-to-date. Nothing to do
Completed 200 OK in 31ms (Views: 27.8ms | ActiveRecord: 0.8ms | Allocations: 6720)


